#
# There is insufficient memory for the Java Runtime Environment to continue.
# Native memory allocation (mmap) failed to map 134217728 bytes for Failed to commit area from 0x0000000081a00000 to 0x0000000089a00000 of length 134217728.
# Possible reasons:
#   The system is out of physical RAM or swap space
#   The process is running with CompressedOops enabled, and the Java Heap may be blocking the growth of the native heap
# Possible solutions:
#   Reduce memory load on the system
#   Increase physical memory or swap space
#   Check if swap backing store is full
#   Decrease Java heap size (-Xmx/-Xms)
#   Decrease number of Java threads
#   Decrease Java thread stack sizes (-Xss)
#   Set larger code cache with -XX:ReservedCodeCacheSize=
# This output file may be truncated or incomplete.
#
#  Out of Memory Error (c:/BuildAgent/work/5ff2f6c26000d570/src/hotspot/os/windows/os_windows.cpp:3281), pid=9120, tid=13024
#
# JRE version:  (11.0.4+10) (build )
# Java VM: OpenJDK 64-Bit Server VM (11.0.4+10-b304.77, mixed mode, aot, sharing, tiered, compressed oops, g1 gc, windows-amd64)
# No core dump will be written. Minidumps are not enabled by default on client versions of Windows
#

---------------  S U M M A R Y ------------

Command Line: -agentlib:jdwp=transport=dt_socket,address=127.0.0.1:55048,suspend=y,server=n -XX:TieredStopAtLevel=1 -Xverify:none -Dspring.output.ansi.enabled=always -Dcom.sun.management.jmxremote -Dspring.jmx.enabled=true -Dspring.liveBeansView.mbeanDomain -Dspring.application.admin.enabled=true -Dfile.encoding=UTF-8 com.visualization.epidemic.EpidemicApplication

Host: Intel(R) Core(TM) i7-6500U CPU @ 2.50GHz, 4 cores, 7G,  Windows 10 , 64 bit Build 18362 (10.0.18362.1316)
Time: Thu Jan 28 21:42:09 2021 Eastern Standard Time elapsed time: 0 seconds (0d 0h 0m 0s)

---------------  T H R E A D  ---------------

Current thread (0x0000025572bc3800):  JavaThread "Unknown thread" [_thread_in_vm, id=13024, stack(0x00000098cf100000,0x00000098cf200000)]

Stack: [0x00000098cf100000,0x00000098cf200000]
Native frames: (J=compiled Java code, j=interpreted, Vv=VM code, C=native code)
V  [jvm.dll+0x5db31a]
V  [jvm.dll+0x70c395]
V  [jvm.dll+0x70d8b8]
V  [jvm.dll+0x70df83]
V  [jvm.dll+0x23dbb8]
V  [jvm.dll+0x5d8a74]
V  [jvm.dll+0x5cdb05]
V  [jvm.dll+0x2fa5bb]
V  [jvm.dll+0x2fa52a]
V  [jvm.dll+0x2fa402]
V  [jvm.dll+0x2ff2c6]
V  [jvm.dll+0x347893]
V  [jvm.dll+0x347f96]
V  [jvm.dll+0x347993]
V  [jvm.dll+0x2d4e28]
V  [jvm.dll+0x2d5fd7]
V  [jvm.dll+0x6eb717]
V  [jvm.dll+0x6ecf0c]
V  [jvm.dll+0x354fb9]
V  [jvm.dll+0x6d35be]
V  [jvm.dll+0x3bd673]
V  [jvm.dll+0x3bf9f1]
C  [java.exe+0x3763]
C  [java.exe+0x17a0c]
C  [KERNEL32.DLL+0x17c24]
C  [ntdll.dll+0x6d4d1]


---------------  P R O C E S S  ---------------

Threads class SMR info:
_java_thread_list=0x0000025570abcc40, length=0, elements={
}

Java Threads: ( => current thread )

Other Threads:
  0x0000025572bdc000 GCTaskThread "GC Thread#0" [stack: 0x00000098cf200000,0x00000098cf300000] [id=4140]
  0x0000025572c0c000 ConcurrentGCThread "G1 Main Marker" [stack: 0x00000098cf300000,0x00000098cf400000] [id=18692]
  0x0000025572c0e000 ConcurrentGCThread "G1 Conc#0" [stack: 0x00000098cf400000,0x00000098cf500000] [id=3356]

[error occurred during error reporting (printing all threads), id 0xc0000005, EXCEPTION_ACCESS_VIOLATION (0xc0000005) at pc=0x00007fff81d25727]

VM state:not at safepoint (not fully initialized)

VM Mutex/Monitor currently owned by a thread:  ([mutex/lock_event])
[0x0000025572bbfd40] Heap_lock - owner thread: 0x0000025572bc3800

Heap address: 0x0000000081a00000, size: 2022 MB, Compressed Oops mode: Non-zero based: 0x0000000081a00000
Narrow klass base: 0x0000000000000000, Narrow klass shift: 0

GC Heap History (0 events):
No events

Deoptimization events (0 events):
No events

Classes redefined (0 events):
No events

Internal exceptions (0 events):
No events

Events (0 events):
No events


Dynamic libraries:
0x00007ff6190c0000 - 0x00007ff619107000 	D:\intellij IDEA\IntelliJ IDEA 2019.2.4\jbr\bin\java.exe
0x00007fffc65a0000 - 0x00007fffc6790000 	C:\WINDOWS\SYSTEM32\ntdll.dll
0x00007fffc46f0000 - 0x00007fffc47a2000 	C:\WINDOWS\System32\KERNEL32.DLL
0x00007fffc4020000 - 0x00007fffc42c5000 	C:\WINDOWS\System32\KERNELBASE.dll
0x00007fffc4f50000 - 0x00007fffc50e4000 	C:\WINDOWS\System32\USER32.dll
0x00007fffc4350000 - 0x00007fffc4371000 	C:\WINDOWS\System32\win32u.dll
0x00007fffc50f0000 - 0x00007fffc5116000 	C:\WINDOWS\System32\GDI32.dll
0x00007fffc44b0000 - 0x00007fffc4648000 	C:\WINDOWS\System32\gdi32full.dll
0x00007fffc3800000 - 0x00007fffc389e000 	C:\WINDOWS\System32\msvcp_win.dll
0x00007fffc4380000 - 0x00007fffc447a000 	C:\WINDOWS\System32\ucrtbase.dll
0x00007fffa8bf0000 - 0x00007fffa8e74000 	C:\WINDOWS\WinSxS\amd64_microsoft.windows.common-controls_6595b64144ccf1df_6.0.18362.1316_none_9e7a364fe461dbd7\COMCTL32.dll
0x00007fffc6310000 - 0x00007fffc63ae000 	C:\WINDOWS\System32\msvcrt.dll
0x00007fffc5cc0000 - 0x00007fffc5ff7000 	C:\WINDOWS\System32\combase.dll
0x00007fffc5180000 - 0x00007fffc529f000 	C:\WINDOWS\System32\RPCRT4.dll
0x00007fffc3520000 - 0x00007fffc35a1000 	C:\WINDOWS\System32\bcryptPrimitives.dll
0x00007fffc5370000 - 0x00007fffc539e000 	C:\WINDOWS\System32\IMM32.DLL
0x00007fffb3b40000 - 0x00007fffb3b57000 	D:\intellij IDEA\IntelliJ IDEA 2019.2.4\jbr\bin\vcruntime140.dll
0x00007fffb3aa0000 - 0x00007fffb3b3d000 	D:\intellij IDEA\IntelliJ IDEA 2019.2.4\jbr\bin\msvcp140.dll
0x00007fff81a40000 - 0x00007fff824f8000 	D:\intellij IDEA\IntelliJ IDEA 2019.2.4\jbr\bin\server\jvm.dll
0x00007fffc6100000 - 0x00007fffc61a3000 	C:\WINDOWS\System32\ADVAPI32.dll
0x00007fffc4650000 - 0x00007fffc46e7000 	C:\WINDOWS\System32\sechost.dll
0x00007fffc5410000 - 0x00007fffc5418000 	C:\WINDOWS\System32\PSAPI.DLL
0x00007fffc1ef0000 - 0x00007fffc1ef9000 	C:\WINDOWS\SYSTEM32\WSOCK32.dll
0x00007fffc5c50000 - 0x00007fffc5cbf000 	C:\WINDOWS\System32\WS2_32.dll
0x00007fffbfbc0000 - 0x00007fffbfbe4000 	C:\WINDOWS\SYSTEM32\WINMM.dll
0x00007fffb4870000 - 0x00007fffb487a000 	C:\WINDOWS\SYSTEM32\VERSION.dll
0x00007fffbfaa0000 - 0x00007fffbfacd000 	C:\WINDOWS\SYSTEM32\winmmbase.dll
0x00007fffc37b0000 - 0x00007fffc37fa000 	C:\WINDOWS\System32\cfgmgr32.dll
0x00007fffc34b0000 - 0x00007fffc34c1000 	C:\WINDOWS\System32\kernel.appcore.dll
0x00007fffbd090000 - 0x00007fffbd0a1000 	D:\intellij IDEA\IntelliJ IDEA 2019.2.4\jbr\bin\verify.dll
0x00007fffc1cc0000 - 0x00007fffc1eb4000 	C:\WINDOWS\SYSTEM32\DBGHELP.DLL
0x00007fffabe10000 - 0x00007fffabe3a000 	C:\WINDOWS\SYSTEM32\dbgcore.DLL
0x00007fffb4800000 - 0x00007fffb4829000 	D:\intellij IDEA\IntelliJ IDEA 2019.2.4\jbr\bin\java.dll
0x00007fffb0700000 - 0x00007fffb0738000 	D:\intellij IDEA\IntelliJ IDEA 2019.2.4\jbr\bin\jdwp.dll
0x00007fffb47a0000 - 0x00007fffb47b7000 	D:\intellij IDEA\IntelliJ IDEA 2019.2.4\jbr\bin\zip.dll
0x00007fffbd080000 - 0x00007fffbd08b000 	D:\intellij IDEA\IntelliJ IDEA 2019.2.4\jbr\bin\jimage.dll

dbghelp: loaded successfully - version: 4.0.5 - missing functions: none
symbol engine: initialized successfully - sym options: 0x614 - pdb path: .;D:\intellij IDEA\IntelliJ IDEA 2019.2.4\jbr\bin;C:\WINDOWS\SYSTEM32;C:\WINDOWS\WinSxS\amd64_microsoft.windows.common-controls_6595b64144ccf1df_6.0.18362.1316_none_9e7a364fe461dbd7;D:\intellij IDEA\IntelliJ IDEA 2019.2.4\jbr\bin\server

VM Arguments:
jvm_args: -agentlib:jdwp=transport=dt_socket,address=127.0.0.1:55048,suspend=y,server=n -XX:TieredStopAtLevel=1 -Xverify:none -Dspring.output.ansi.enabled=always -Dcom.sun.management.jmxremote -Dspring.jmx.enabled=true -Dspring.liveBeansView.mbeanDomain -Dspring.application.admin.enabled=true -Dfile.encoding=UTF-8 
java_command: com.visualization.epidemic.EpidemicApplication
java_class_path (initial): D:\IdeaProject\epidemic\target\classes;C:\Users\injun\.m2\repository\org\springframework\boot\spring-boot-starter-web\2.4.2\spring-boot-starter-web-2.4.2.jar;C:\Users\injun\.m2\repository\org\springframework\boot\spring-boot-starter\2.4.2\spring-boot-starter-2.4.2.jar;C:\Users\injun\.m2\repository\org\springframework\boot\spring-boot\2.4.2\spring-boot-2.4.2.jar;C:\Users\injun\.m2\repository\org\springframework\boot\spring-boot-autoconfigure\2.4.2\spring-boot-autoconfigure-2.4.2.jar;C:\Users\injun\.m2\repository\org\springframework\boot\spring-boot-starter-logging\2.4.2\spring-boot-starter-logging-2.4.2.jar;C:\Users\injun\.m2\repository\ch\qos\logback\logback-classic\1.2.3\logback-classic-1.2.3.jar;C:\Users\injun\.m2\repository\ch\qos\logback\logback-core\1.2.3\logback-core-1.2.3.jar;C:\Users\injun\.m2\repository\org\apache\logging\log4j\log4j-to-slf4j\2.13.3\log4j-to-slf4j-2.13.3.jar;C:\Users\injun\.m2\repository\org\apache\logging\log4j\log4j-api\2.13.3\log4j-api-2.13.3.jar;C:\Users\injun\.m2\repository\org\slf4j\jul-to-slf4j\1.7.30\jul-to-slf4j-1.7.30.jar;C:\Users\injun\.m2\repository\jakarta\annotation\jakarta.annotation-api\1.3.5\jakarta.annotation-api-1.3.5.jar;C:\Users\injun\.m2\repository\org\yaml\snakeyaml\1.27\snakeyaml-1.27.jar;C:\Users\injun\.m2\repository\org\springframework\boot\spring-boot-starter-json\2.4.2\spring-boot-starter-json-2.4.2.jar;C:\Users\injun\.m2\repository\com\fasterxml\jackson\core\jackson-databind\2.11.4\jackson-databind-2.11.4.jar;C:\Users\injun\.m2\repository\com\fasterxml\jackson\core\jackson-annotations\2.11.4\jackson-annotations-2.11.4.jar;C:\Users\injun\.m2\repository\com\fasterxml\jackson\core\jackson-core\2.11.4\jackson-core-2.11.4.jar;C:\Users\injun\.m2\repository\com\fasterxml\jackson\datatype\jackson-datatype-jdk8\2.11.4\jackson-datatype-jdk8-2.11.4.jar;C:\Users\injun\.m2\repository\com\fasterxml\jackson\datatype\jackson-datatype-jsr310\2.11.4\jackson-datatype-jsr310-2.11.4.jar;C:\Users\injun\.m
Launcher Type: SUN_STANDARD

[Global flags]
     bool BytecodeVerificationLocal                = false                                     {product} {command line}
     bool BytecodeVerificationRemote               = false                                     {product} {command line}
     intx CICompilerCount                          = 3                                         {product} {ergonomic}
     uint ConcGCThreads                            = 1                                         {product} {ergonomic}
     uint G1ConcRefinementThreads                  = 4                                         {product} {ergonomic}
   size_t G1HeapRegionSize                         = 1048576                                   {product} {ergonomic}
    uintx GCDrainStackTargetSize                   = 64                                        {product} {ergonomic}
   size_t InitialHeapSize                          = 134217728                                 {product} {ergonomic}
     bool ManagementServer                         = true                                      {product} {command line}
   size_t MarkStackSize                            = 4194304                                   {product} {ergonomic}
   size_t MaxHeapSize                              = 2120220672                                {product} {ergonomic}
   size_t MinHeapDeltaBytes                        = 1048576                                   {product} {ergonomic}
    uintx NonNMethodCodeHeapSize                   = 6973028                                {pd product} {ergonomic}
    uintx NonProfiledCodeHeapSize                  = 244685212                              {pd product} {ergonomic}
    uintx ProfiledCodeHeapSize                     = 0                                      {pd product} {ergonomic}
    uintx ReservedCodeCacheSize                    = 251658240                              {pd product} {ergonomic}
     bool SegmentedCodeCache                       = true                                      {product} {ergonomic}
     intx TieredStopAtLevel                        = 1                                         {product} {command line}
     bool UseCompressedClassPointers               = true                                 {lp64_product} {ergonomic}
     bool UseCompressedOops                        = true                                 {lp64_product} {ergonomic}
     bool UseG1GC                                  = true                                      {product} {ergonomic}
     bool UseLargePagesIndividualAllocation        = false                                  {pd product} {ergonomic}

Logging:
Log output configuration:
 #0: stdout all=warning uptime,level,tags
 #1: stderr all=off uptime,level,tags

Environment Variables:
JAVA_HOME=D:\Java
PATH=D:\xftp\;D:\xshell\;C:\Program Files (x86)\Common Files\Oracle\Java\javapath;C:\Program Files\NVIDIA GPU Computing Toolkit\CUDA\v10.1\bin;C:\Program Files\NVIDIA GPU Computing Toolkit\CUDA\v10.1\libnvvp;C:\Windows\system32;C:\Windows;C:\Windows\System32\Wbem;C:\Windows\System32\WindowsPowerShell\v1.0\;C:\Program Files (x86)\NVIDIA Corporation\PhysX\Common;C:\Program Files\Intel\WiFi\bin\;C:\Program Files\Common Files\Intel\WirelessCommon\;C:\WINDOWS\system32;C:\WINDOWS;C:\WINDOWS\System32\Wbem;C:\WINDOWS\System32\WindowsPowerShell\v1.0\;C:\WINDOWS\System32\OpenSSH\;D:\python\anaconda\folder;D:\python\anaconda\folder\Scripts;D:\python\anaconda\folder\Library\bin;D:\office2013\Office15\Library\SOLVER;C:\Program Files\NVIDIA Corporation\Nsight Compute 2019.4.0\;C:\Program Files\NVIDIA Corporation\NVIDIA NvDLISR;D:\Java\bin;D:\Mysql\mysql-8.0.20-winx64\bin;D:\amazonCLI\;D:\git\Git\cmd;;C:\Program Files\Docker\Docker\resources\bin;C:\ProgramData\DockerDesktop\version-bin;D:\Java\bin;D:\anaconda\Scripts;D:\python\Scripts\;D:\python\;C:\Users\injun\AppData\Local\Microsoft\WindowsApps;D:\python\PyCharm Community Edition 2018.3\bin;D:\anaconda;D:\anaconda\condabin;C:\Users\injun\AppData\Local\GitHubDesktop\bin;D:\IdeaProjects\gradle-5.1\bin;D:\Java\bin;D:\Mysql\mysql-8.0.20-winx64\bin;
USERNAME=injun
OS=Windows_NT
PROCESSOR_IDENTIFIER=Intel64 Family 6 Model 78 Stepping 3, GenuineIntel



---------------  S Y S T E M  ---------------

OS: Windows 10 , 64 bit Build 18362 (10.0.18362.1316)

CPU:total 4 (initial active 4) (2 cores per cpu, 2 threads per core) family 6 model 78 stepping 3, cmov, cx8, fxsr, mmx, sse, sse2, sse3, ssse3, sse4.1, sse4.2, popcnt, avx, avx2, aes, clmul, erms, 3dnowpref, lzcnt, ht, tsc, tscinvbit, bmi1, bmi2, adx, fma

Memory: 4k page, system-wide physical 8086M (1434M free)
TotalPageFile size 14730M (AvailPageFile size 66M)
current process WorkingSet (physical memory assigned to process): 10M, peak: 10M
current process commit charge ("private bytes"): 49M, peak: 177M

vm_info: OpenJDK 64-Bit Server VM (11.0.4+10-b304.77) for windows-amd64 JRE (11.0.4+10-b304.77), built on Oct 10 2019 15:02:36 by "" with MS VC++ 14.0 (VS2015)

END.
